[debug] [2023-05-21T08:53:05.878Z] ----------------------------------------------------------------------
[debug] [2023-05-21T08:53:05.880Z] Command:       /usr/local/bin/node /usr/local/bin/firebase emulators:start --only functions
[debug] [2023-05-21T08:53:05.880Z] CLI Version:   12.0.1
[debug] [2023-05-21T08:53:05.881Z] Platform:      darwin
[debug] [2023-05-21T08:53:05.881Z] Node Version:  v18.16.0
[debug] [2023-05-21T08:53:05.882Z] Time:          Sun May 21 2023 11:53:05 GMT+0300 (Eastern European Summer Time)
[debug] [2023-05-21T08:53:05.882Z] ----------------------------------------------------------------------
[debug] 
[debug] [2023-05-21T08:53:06.004Z] > command requires scopes: ["email","openid","https://www.googleapis.com/auth/cloudplatformprojects.readonly","https://www.googleapis.com/auth/firebase","https://www.googleapis.com/auth/cloud-platform"]
[debug] [2023-05-21T08:53:06.005Z] > authorizing via signed-in user (yuribar4520@gmail.com)
[info] i  emulators: Starting emulators: functions {"metadata":{"emulator":{"name":"hub"},"message":"Starting emulators: functions"}}
[debug] [2023-05-21T08:53:06.415Z] [logging] Logging Emulator only supports listening on one address (127.0.0.1). Not listening on ::1
[debug] [2023-05-21T08:53:06.415Z] assigned listening specs for emulators {"user":{"hub":[{"address":"127.0.0.1","family":"IPv4","port":4400},{"address":"::1","family":"IPv6","port":4400}],"ui":[{"address":"127.0.0.1","family":"IPv4","port":4000},{"address":"::1","family":"IPv6","port":4000}],"logging":[{"address":"127.0.0.1","family":"IPv4","port":4500}]},"metadata":{"message":"assigned listening specs for emulators"}}
[debug] [2023-05-21T08:53:06.429Z] [hub] writing locator at /var/folders/2l/0bqzk0gj3ml1sggr_mh1s0cw0000gn/T/hub-bettermant-b9d06.json
[debug] [2023-05-21T08:53:06.701Z] [functions] Functions Emulator only supports listening on one address (127.0.0.1). Not listening on ::1
[debug] [2023-05-21T08:53:06.701Z] [eventarc] Eventarc Emulator only supports listening on one address (127.0.0.1). Not listening on ::1
[debug] [2023-05-21T08:53:06.702Z] late-assigned ports for functions and eventarc emulators {"user":{"hub":[{"address":"127.0.0.1","family":"IPv4","port":4400},{"address":"::1","family":"IPv6","port":4400}],"ui":[{"address":"127.0.0.1","family":"IPv4","port":4000},{"address":"::1","family":"IPv6","port":4000}],"logging":[{"address":"127.0.0.1","family":"IPv4","port":4500}],"functions":[{"address":"127.0.0.1","family":"IPv4","port":5001}],"eventarc":[{"address":"127.0.0.1","family":"IPv4","port":9299}]},"metadata":{"message":"late-assigned ports for functions and eventarc emulators"}}
[warn] ⚠  functions: The following emulators are not running, calls to these services from the Functions emulator will affect production: auth, firestore, database, hosting, pubsub, storage {"metadata":{"emulator":{"name":"functions"},"message":"The following emulators are not running, calls to these services from the Functions emulator will affect production: \u001b[1mauth, firestore, database, hosting, pubsub, storage\u001b[22m"}}
[debug] [2023-05-21T08:53:06.706Z] defaultcredentials: writing to file /Users/yuriibaryliak/.config/firebase/yuribar4520_gmail_com_application_default_credentials.json
[debug] [2023-05-21T08:53:06.710Z] Setting GAC to /Users/yuriibaryliak/.config/firebase/yuribar4520_gmail_com_application_default_credentials.json {"metadata":{"emulator":{"name":"functions"},"message":"Setting GAC to /Users/yuriibaryliak/.config/firebase/yuribar4520_gmail_com_application_default_credentials.json"}}
[debug] [2023-05-21T08:53:06.711Z] > refreshing access token with scopes: []
[debug] [2023-05-21T08:53:06.713Z] >>> [apiv2][query] POST https://www.googleapis.com/oauth2/v3/token [none]
[debug] [2023-05-21T08:53:06.713Z] >>> [apiv2][body] POST https://www.googleapis.com/oauth2/v3/token [omitted]
[debug] [2023-05-21T08:53:06.885Z] <<< [apiv2][status] POST https://www.googleapis.com/oauth2/v3/token 200
[debug] [2023-05-21T08:53:06.885Z] <<< [apiv2][body] POST https://www.googleapis.com/oauth2/v3/token [omitted]
[debug] [2023-05-21T08:53:06.913Z] >>> [apiv2][query] GET https://firebase.googleapis.com/v1beta1/projects/bettermant-b9d06/adminSdkConfig [none]
[debug] [2023-05-21T08:53:07.477Z] <<< [apiv2][status] GET https://firebase.googleapis.com/v1beta1/projects/bettermant-b9d06/adminSdkConfig 200
[debug] [2023-05-21T08:53:07.477Z] <<< [apiv2][body] GET https://firebase.googleapis.com/v1beta1/projects/bettermant-b9d06/adminSdkConfig {"projectId":"bettermant-b9d06","storageBucket":"bettermant-b9d06.appspot.com"}
[debug] [2023-05-21T08:53:07.513Z] Ignoring unsupported arg: auto_download {"metadata":{"emulator":{"name":"ui"},"message":"Ignoring unsupported arg: auto_download"}}
[debug] [2023-05-21T08:53:07.513Z] Ignoring unsupported arg: port {"metadata":{"emulator":{"name":"ui"},"message":"Ignoring unsupported arg: port"}}
[debug] [2023-05-21T08:53:07.513Z] Starting Emulator UI with command {"binary":"node","args":["/Users/yuriibaryliak/.cache/firebase/emulators/ui-v1.11.6/server/server.js"],"optionalArgs":[],"joinArgs":false} {"metadata":{"emulator":{"name":"ui"},"message":"Starting Emulator UI with command {\"binary\":\"node\",\"args\":[\"/Users/yuriibaryliak/.cache/firebase/emulators/ui-v1.11.6/server/server.js\"],\"optionalArgs\":[],\"joinArgs\":false}"}}
[info] i  ui: Emulator UI logging to ui-debug.log {"metadata":{"emulator":{"name":"ui"},"message":"Emulator UI logging to \u001b[1mui-debug.log\u001b[22m"}}
[debug] [2023-05-21T08:53:07.633Z] Web / API server started at 127.0.0.1:4000
 {"metadata":{"emulator":{"name":"ui"},"message":"Web / API server started at 127.0.0.1:4000\n"}}
[debug] [2023-05-21T08:53:07.634Z] Web / API server started at ::1:4000
 {"metadata":{"emulator":{"name":"ui"},"message":"Web / API server started at ::1:4000\n"}}
[info] i  functions: Watching "/Users/yuriibaryliak/bettermant-backend" for Cloud Functions... {"metadata":{"emulator":{"name":"functions"},"message":"Watching \"/Users/yuriibaryliak/bettermant-backend\" for Cloud Functions..."}}
[debug] [2023-05-21T08:53:07.779Z] Validating nodejs source
[debug] [2023-05-21T08:53:08.689Z] > [functions] package.json contents: {
  "name": "bettermant-backend",
  "scripts": {
    "lint": "eslint --ext .js,.ts .",
    "build": "tsc",
    "build:watch": "tsc --watch",
    "serve": "npm run build && firebase emulators:start --only functions",
    "shell": "npm run build && firebase functions:shell",
    "start": "npm run shell",
    "deploy": "firebase deploy --only functions",
    "logs": "firebase functions:log",
    "prepare": "husky install"
  },
  "engines": {
    "node": "18"
  },
  "main": "lib/index.js",
  "dependencies": {
    "body-parser": "^1.20.2",
    "dotenv": "^16.0.3",
    "express": "^4.18.2",
    "firebase-admin": "^11.8.0",
    "firebase-functions": "^4.3.1",
    "helmet": "^7.0.0",
    "yup": "^1.1.1"
  },
  "devDependencies": {
    "@typescript-eslint/eslint-plugin": "^5.12.0",
    "@typescript-eslint/parser": "^5.12.0",
    "eslint": "^8.9.0",
    "eslint-config-google": "^0.14.0",
    "eslint-plugin-import": "^2.25.4",
    "firebase-functions-test": "^3.1.0",
    "husky": ">=6",
    "jest": "^29.5.0",
    "lint-staged": ">=10",
    "prettier": "^2.8.8",
    "typescript": "^4.9.0"
  },
  "private": true,
  "lint-staged": {
    "*.ts": "eslint --cache --fix",
    "*.{ts,md}": "prettier --write"
  }
}
[debug] [2023-05-21T08:53:08.689Z] Building nodejs source
[debug] [2023-05-21T08:53:08.690Z] Failed to find version of module node: reached end of search path /Users/yuriibaryliak/bettermant-backend/node_modules
[info] ✔  functions: Using node@18 from host. 
[debug] [2023-05-21T08:53:08.692Z] Could not find functions.yaml. Must use http discovery
[debug] [2023-05-21T08:53:08.698Z] Found firebase-functions binary at '/Users/yuriibaryliak/bettermant-backend/node_modules/.bin/firebase-functions'
[debug] [2023-05-21T08:53:08.935Z] Serving at port 8916

[debug] [2023-05-21T08:53:09.258Z] Got response from /__/functions.yaml {"endpoints":{"api":{"platform":"gcfv1","availableMemoryMb":null,"timeoutSeconds":null,"minInstances":null,"maxInstances":null,"ingressSettings":null,"serviceAccountEmail":null,"vpc":null,"httpsTrigger":{},"entryPoint":"api"}},"specVersion":"v1alpha1","requiredAPIs":[]}
[debug] [2023-05-21T08:53:09.264Z] shutdown requested via /__/quitquitquit

[info] ✔  functions: Loaded functions definitions from source: api. {"metadata":{"emulator":{"name":"functions"},"message":"Loaded functions definitions from source: api."}}
[info] ✔  functions[us-central1-api]: http function initialized (http://127.0.0.1:5001/bettermant-b9d06/us-central1/api). {"metadata":{"emulator":{"name":"functions"},"message":"\u001b[1mhttp\u001b[22m function initialized (http://127.0.0.1:5001/bettermant-b9d06/us-central1/api)."}}
[info] 
┌─────────────────────────────────────────────────────────────┐
│ ✔  All emulators ready! It is now safe to connect your app. │
│ i  View Emulator UI at http://127.0.0.1:4000/               │
└─────────────────────────────────────────────────────────────┘

┌───────────┬────────────────┬─────────────────────────────────┐
│ Emulator  │ Host:Port      │ View in Emulator UI             │
├───────────┼────────────────┼─────────────────────────────────┤
│ Functions │ 127.0.0.1:5001 │ http://127.0.0.1:4000/functions │
└───────────┴────────────────┴─────────────────────────────────┘
  Emulator Hub running at 127.0.0.1:4400
  Other reserved ports: 4500

Issues? Report them at https://github.com/firebase/firebase-tools/issues and attach the *-debug.log files.
 
[debug] [2023-05-21T08:53:39.587Z] Functions emulator received unknown request at path /jobiz-c95b8/us-central1/api
[debug] [2023-05-21T08:53:55.182Z] [work-queue] {"queuedWork":["/bettermant-b9d06/us-central1/api).-2023-05-21T08:53:55.182Z"],"queueLength":1,"runningWork":[],"workRunningCount":0}
[debug] [2023-05-21T08:53:55.182Z] [work-queue] {"queuedWork":[],"queueLength":0,"runningWork":["/bettermant-b9d06/us-central1/api).-2023-05-21T08:53:55.182Z"],"workRunningCount":1}
[debug] [2023-05-21T08:53:55.183Z] [work-queue] {"queuedWork":[],"queueLength":0,"runningWork":[],"workRunningCount":0}
[debug] [2023-05-21T08:53:58.339Z] [work-queue] {"queuedWork":["/bettermant-b9d06/us-central1/api-2023-05-21T08:53:58.339Z"],"queueLength":1,"runningWork":[],"workRunningCount":0}
[debug] [2023-05-21T08:53:58.339Z] [work-queue] {"queuedWork":[],"queueLength":0,"runningWork":["/bettermant-b9d06/us-central1/api-2023-05-21T08:53:58.339Z"],"workRunningCount":1}
[debug] [2023-05-21T08:53:58.339Z] Accepted request GET /bettermant-b9d06/us-central1/api --> us-central1-api
[debug] [2023-05-21T08:53:58.345Z] [functions] Runtime ready! Sending request! {"metadata":{"emulator":{"name":"functions"},"message":"[functions] Runtime ready! Sending request!"}}
[debug] [2023-05-21T08:53:58.346Z] [functions] Got req.url=/bettermant-b9d06/us-central1/api, mapping to path=/ {"metadata":{"emulator":{"name":"functions"},"message":"[functions] Got req.url=/bettermant-b9d06/us-central1/api, mapping to path=/"}}
[debug] [2023-05-21T08:53:58.352Z] [worker-pool] addWorker(us-central1-api) {"metadata":{"emulator":{"name":"functions"},"message":"[worker-pool] addWorker(us-central1-api)"}}
[debug] [2023-05-21T08:53:58.352Z] [worker-pool] Adding worker with key us-central1-api, total=1 {"metadata":{"emulator":{"name":"functions"},"message":"[worker-pool] Adding worker with key us-central1-api, total=1"}}
[debug] [2023-05-21T08:53:59.568Z] [runtime-status] [57393] Resolved module firebase-admin {"declared":true,"installed":true,"version":"11.8.0","resolution":"/Users/yuriibaryliak/bettermant-backend/node_modules/firebase-admin/lib/index.js"} {"metadata":{"emulator":{"name":"functions"},"function":{"name":"us-central1-api"},"extension":{},"message":"[runtime-status] [57393] Resolved module firebase-admin {\"declared\":true,\"installed\":true,\"version\":\"11.8.0\",\"resolution\":\"/Users/yuriibaryliak/bettermant-backend/node_modules/firebase-admin/lib/index.js\"}"}}
[debug] [2023-05-21T08:53:59.568Z] [runtime-status] [57393] Resolved module firebase-functions {"declared":true,"installed":true,"version":"4.4.0","resolution":"/Users/yuriibaryliak/bettermant-backend/node_modules/firebase-functions/lib/v1/index.js"} {"metadata":{"emulator":{"name":"functions"},"function":{"name":"us-central1-api"},"extension":{},"message":"[runtime-status] [57393] Resolved module firebase-functions {\"declared\":true,\"installed\":true,\"version\":\"4.4.0\",\"resolution\":\"/Users/yuriibaryliak/bettermant-backend/node_modules/firebase-functions/lib/v1/index.js\"}"}}
[debug] [2023-05-21T08:53:59.569Z] [runtime-status] [57393] Outgoing network have been stubbed. [{"name":"http","status":"mocked"},{"name":"http","status":"mocked"},{"name":"https","status":"mocked"},{"name":"https","status":"mocked"},{"name":"net","status":"mocked"}] {"metadata":{"emulator":{"name":"functions"},"function":{"name":"us-central1-api"},"extension":{},"message":"[runtime-status] [57393] Outgoing network have been stubbed. [{\"name\":\"http\",\"status\":\"mocked\"},{\"name\":\"http\",\"status\":\"mocked\"},{\"name\":\"https\",\"status\":\"mocked\"},{\"name\":\"https\",\"status\":\"mocked\"},{\"name\":\"net\",\"status\":\"mocked\"}]"}}
[debug] [2023-05-21T08:53:59.570Z] [runtime-status] [57393] Resolved module firebase-functions {"declared":true,"installed":true,"version":"4.4.0","resolution":"/Users/yuriibaryliak/bettermant-backend/node_modules/firebase-functions/lib/v1/index.js"} {"metadata":{"emulator":{"name":"functions"},"function":{"name":"us-central1-api"},"extension":{},"message":"[runtime-status] [57393] Resolved module firebase-functions {\"declared\":true,\"installed\":true,\"version\":\"4.4.0\",\"resolution\":\"/Users/yuriibaryliak/bettermant-backend/node_modules/firebase-functions/lib/v1/index.js\"}"}}
[debug] [2023-05-21T08:53:59.825Z] [runtime-status] [57393] Checked functions.config() {"config":{}} {"metadata":{"emulator":{"name":"functions"},"function":{"name":"us-central1-api"},"extension":{},"message":"[runtime-status] [57393] Checked functions.config() {\"config\":{}}"}}
[debug] [2023-05-21T08:53:59.825Z] [runtime-status] [57393] firebase-functions has been stubbed. {"functionsResolution":{"declared":true,"installed":true,"version":"4.4.0","resolution":"/Users/yuriibaryliak/bettermant-backend/node_modules/firebase-functions/lib/v1/index.js"}} {"metadata":{"emulator":{"name":"functions"},"function":{"name":"us-central1-api"},"extension":{},"message":"[runtime-status] [57393] firebase-functions has been stubbed. {\"functionsResolution\":{\"declared\":true,\"installed\":true,\"version\":\"4.4.0\",\"resolution\":\"/Users/yuriibaryliak/bettermant-backend/node_modules/firebase-functions/lib/v1/index.js\"}}"}}
[debug] [2023-05-21T08:53:59.826Z] [runtime-status] [57393] Resolved module firebase-functions {"declared":true,"installed":true,"version":"4.4.0","resolution":"/Users/yuriibaryliak/bettermant-backend/node_modules/firebase-functions/lib/v1/index.js"} {"metadata":{"emulator":{"name":"functions"},"function":{"name":"us-central1-api"},"extension":{},"message":"[runtime-status] [57393] Resolved module firebase-functions {\"declared\":true,\"installed\":true,\"version\":\"4.4.0\",\"resolution\":\"/Users/yuriibaryliak/bettermant-backend/node_modules/firebase-functions/lib/v1/index.js\"}"}}
[debug] [2023-05-21T08:53:59.827Z] [runtime-status] [57393] Resolved module firebase-admin {"declared":true,"installed":true,"version":"11.8.0","resolution":"/Users/yuriibaryliak/bettermant-backend/node_modules/firebase-admin/lib/index.js"} {"metadata":{"emulator":{"name":"functions"},"function":{"name":"us-central1-api"},"extension":{},"message":"[runtime-status] [57393] Resolved module firebase-admin {\"declared\":true,\"installed\":true,\"version\":\"11.8.0\",\"resolution\":\"/Users/yuriibaryliak/bettermant-backend/node_modules/firebase-admin/lib/index.js\"}"}}
[debug] [2023-05-21T08:53:59.829Z] [runtime-status] [57393] Resolved module firebase-functions {"declared":true,"installed":true,"version":"4.4.0","resolution":"/Users/yuriibaryliak/bettermant-backend/node_modules/firebase-functions/lib/v1/index.js"} {"metadata":{"emulator":{"name":"functions"},"function":{"name":"us-central1-api"},"extension":{},"message":"[runtime-status] [57393] Resolved module firebase-functions {\"declared\":true,\"installed\":true,\"version\":\"4.4.0\",\"resolution\":\"/Users/yuriibaryliak/bettermant-backend/node_modules/firebase-functions/lib/v1/index.js\"}"}}
[debug] [2023-05-21T08:53:59.830Z] [runtime-status] [57393] firebase-admin has been stubbed. {"adminResolution":{"declared":true,"installed":true,"version":"11.8.0","resolution":"/Users/yuriibaryliak/bettermant-backend/node_modules/firebase-admin/lib/index.js"}} {"metadata":{"emulator":{"name":"functions"},"function":{"name":"us-central1-api"},"extension":{},"message":"[runtime-status] [57393] firebase-admin has been stubbed. {\"adminResolution\":{\"declared\":true,\"installed\":true,\"version\":\"11.8.0\",\"resolution\":\"/Users/yuriibaryliak/bettermant-backend/node_modules/firebase-admin/lib/index.js\"}}"}}
[warn] ⚠  It looks like you're trying to access functions.config().firebase but there is no value there. You can learn more about setting up config here: https://firebase.google.com/docs/functions/local-emulator {"metadata":{"emulator":{"name":"functions"},"function":{"name":"us-central1-api"},"extension":{},"message":"It looks like you're trying to access functions.config().firebase but there is no value there. You can learn more about setting up config here: https://firebase.google.com/docs/functions/local-emulator"}}
[debug] [2023-05-21T08:53:59.926Z] [runtime-status] [57393] initializeApp(DEFAULT) {"storageBucket":"bettermant-b9d06.appspot.com","projectId":"bettermant-b9d06"} {"metadata":{"emulator":{"name":"functions"},"function":{"name":"us-central1-api"},"extension":{},"message":"[runtime-status] [57393] initializeApp(DEFAULT) {\"storageBucket\":\"bettermant-b9d06.appspot.com\",\"projectId\":\"bettermant-b9d06\"}"}}
[debug] [2023-05-21T08:53:59.948Z] [runtime-status] [57393] Functions runtime initialized. {"cwd":"/Users/yuriibaryliak/bettermant-backend","node_version":"18.16.0"} {"metadata":{"emulator":{"name":"functions"},"function":{"name":"us-central1-api"},"extension":{},"message":"[runtime-status] [57393] Functions runtime initialized. {\"cwd\":\"/Users/yuriibaryliak/bettermant-backend\",\"node_version\":\"18.16.0\"}"}}
[debug] [2023-05-21T08:53:59.948Z] [runtime-status] [57393] Listening to port: /var/folders/2l/0bqzk0gj3ml1sggr_mh1s0cw0000gn/T/fire_emu_5f9f6d0d16c08f2c.sock {"metadata":{"emulator":{"name":"functions"},"function":{"name":"us-central1-api"},"extension":{},"message":"[runtime-status] [57393] Listening to port: /var/folders/2l/0bqzk0gj3ml1sggr_mh1s0cw0000gn/T/fire_emu_5f9f6d0d16c08f2c.sock"}}
[debug] [2023-05-21T08:53:59.983Z] [worker-us-central1-api-01fd7d87-be67-4a31-845e-a092bf500545]: IDLE {"metadata":{"emulator":{"name":"functions"},"function":{"name":"us-central1-api"},"extension":{},"message":"[worker-us-central1-api-01fd7d87-be67-4a31-845e-a092bf500545]: IDLE"}}
[debug] [2023-05-21T08:53:59.984Z] [worker-pool] submitRequest(triggerId=us-central1-api) {"metadata":{"emulator":{"name":"functions"},"message":"[worker-pool] submitRequest(triggerId=us-central1-api)"}}
[info] i  functions: Beginning execution of "us-central1-api" {"metadata":{"emulator":{"name":"functions"},"function":{"name":"us-central1-api"},"extension":{},"message":"Beginning execution of \"us-central1-api\""}}
[debug] [2023-05-21T08:53:59.985Z] [worker-us-central1-api-01fd7d87-be67-4a31-845e-a092bf500545]: BUSY {"metadata":{"emulator":{"name":"functions"},"function":{"name":"us-central1-api"},"extension":{},"message":"[worker-us-central1-api-01fd7d87-be67-4a31-845e-a092bf500545]: BUSY"}}
[debug] [2023-05-21T08:53:59.991Z] Finishing up request with event=pause {"metadata":{"emulator":{"name":"functions"},"function":{"name":"us-central1-api"},"extension":{},"message":"Finishing up request with event=pause"}}
[info] i  functions: Finished "us-central1-api" in 6.82779ms {"metadata":{"emulator":{"name":"functions"},"function":{"name":"us-central1-api"},"extension":{},"message":"Finished \"us-central1-api\" in 6.82779ms"}}
[debug] [2023-05-21T08:53:59.992Z] [worker-us-central1-api-01fd7d87-be67-4a31-845e-a092bf500545]: IDLE {"metadata":{"emulator":{"name":"functions"},"function":{"name":"us-central1-api"},"extension":{},"message":"[worker-us-central1-api-01fd7d87-be67-4a31-845e-a092bf500545]: IDLE"}}
[debug] [2023-05-21T08:53:59.992Z] Finishing up request with event=finish {"metadata":{"emulator":{"name":"functions"},"function":{"name":"us-central1-api"},"extension":{},"message":"Finishing up request with event=finish"}}
[debug] [2023-05-21T08:53:59.992Z] Finishing up request with event=close {"metadata":{"emulator":{"name":"functions"},"function":{"name":"us-central1-api"},"extension":{},"message":"Finishing up request with event=close"}}
[debug] [2023-05-21T08:53:59.992Z] [work-queue] {"queuedWork":[],"queueLength":0,"runningWork":[],"workRunningCount":0}
[debug] [2023-05-21T10:07:54.161Z] File /Users/yuriibaryliak/bettermant-backend/index.ts changed, reloading triggers {"metadata":{"emulator":{"name":"functions"},"message":"File /Users/yuriibaryliak/bettermant-backend/index.ts changed, reloading triggers"}}
[debug] [2023-05-21T10:07:55.165Z] Validating nodejs source
[debug] [2023-05-21T10:07:56.841Z] > [functions] package.json contents: {
  "name": "bettermant-backend",
  "scripts": {
    "lint": "eslint --ext .js,.ts .",
    "build": "tsc",
    "build:watch": "tsc --watch",
    "serve": "npm run build && firebase emulators:start --only functions",
    "shell": "npm run build && firebase functions:shell",
    "start": "npm run shell",
    "deploy": "firebase deploy --only functions",
    "logs": "firebase functions:log",
    "prepare": "husky install"
  },
  "engines": {
    "node": "18"
  },
  "main": "lib/index.js",
  "dependencies": {
    "body-parser": "^1.20.2",
    "dotenv": "^16.0.3",
    "express": "^4.18.2",
    "firebase-admin": "^11.8.0",
    "firebase-functions": "^4.3.1",
    "helmet": "^7.0.0",
    "yup": "^1.1.1"
  },
  "devDependencies": {
    "@typescript-eslint/eslint-plugin": "^5.12.0",
    "@typescript-eslint/parser": "^5.12.0",
    "eslint": "^8.9.0",
    "eslint-config-google": "^0.14.0",
    "eslint-plugin-import": "^2.25.4",
    "firebase-functions-test": "^3.1.0",
    "husky": ">=6",
    "jest": "^29.5.0",
    "lint-staged": ">=10",
    "prettier": "^2.8.8",
    "typescript": "^4.9.0"
  },
  "private": true,
  "lint-staged": {
    "*.ts": "eslint --cache --fix",
    "*.{ts,md}": "prettier --write"
  }
}
[debug] [2023-05-21T10:07:56.842Z] Building nodejs source
[debug] [2023-05-21T10:07:56.842Z] Failed to find version of module node: reached end of search path /Users/yuriibaryliak/bettermant-backend/node_modules
[info] ✔  functions: Using node@18 from host. 
[debug] [2023-05-21T10:07:56.843Z] Could not find functions.yaml. Must use http discovery
[debug] [2023-05-21T10:07:56.844Z] Found firebase-functions binary at '/Users/yuriibaryliak/bettermant-backend/node_modules/.bin/firebase-functions'
[debug] [2023-05-21T10:07:57.044Z] Serving at port 8512

[debug] [2023-05-21T10:07:57.368Z] Got response from /__/functions.yaml {"endpoints":{"api":{"platform":"gcfv1","availableMemoryMb":null,"timeoutSeconds":null,"minInstances":null,"maxInstances":null,"ingressSettings":null,"serviceAccountEmail":null,"vpc":null,"httpsTrigger":{},"entryPoint":"api"}},"specVersion":"v1alpha1","requiredAPIs":[]}
[debug] [2023-05-21T10:07:57.371Z] shutdown requested via /__/quitquitquit

[info] ✔  functions: Loaded functions definitions from source: api. {"metadata":{"emulator":{"name":"functions"},"message":"Loaded functions definitions from source: api."}}
[debug] [2023-05-21T10:07:57.379Z] [worker-pool] Shutting down IDLE worker (us-central1-api) {"metadata":{"emulator":{"name":"functions"},"message":"[worker-pool] Shutting down IDLE worker (us-central1-api)"}}
[debug] [2023-05-21T10:07:57.379Z] [worker-us-central1-api-01fd7d87-be67-4a31-845e-a092bf500545]: FINISHING {"metadata":{"emulator":{"name":"functions"},"function":{"name":"us-central1-api"},"extension":{},"message":"[worker-us-central1-api-01fd7d87-be67-4a31-845e-a092bf500545]: FINISHING"}}
[debug] [2023-05-21T10:07:57.393Z] [worker-us-central1-api-01fd7d87-be67-4a31-845e-a092bf500545]: exited {"metadata":{"emulator":{"name":"functions"},"function":{"name":"us-central1-api"},"extension":{},"message":"[worker-us-central1-api-01fd7d87-be67-4a31-845e-a092bf500545]: exited"}}
[debug] [2023-05-21T10:07:57.393Z] [worker-us-central1-api-01fd7d87-be67-4a31-845e-a092bf500545]: FINISHED {"metadata":{"emulator":{"name":"functions"},"function":{"name":"us-central1-api"},"extension":{},"message":"[worker-us-central1-api-01fd7d87-be67-4a31-845e-a092bf500545]: FINISHED"}}
